#
# There is insufficient memory for the Java Runtime Environment to continue.
# Native memory allocation (malloc) failed to allocate 1167456 bytes for Chunk::new
# Possible reasons:
#   The system is out of physical RAM or swap space
#   The process is running with CompressedOops enabled, and the Java Heap may be blocking the growth of the native heap
# Possible solutions:
#   Reduce memory load on the system
#   Increase physical memory or swap space
#   Check if swap backing store is full
#   Decrease Java heap size (-Xmx/-Xms)
#   Decrease number of Java threads
#   Decrease Java thread stack sizes (-Xss)
#   Set larger code cache with -XX:ReservedCodeCacheSize=
#   JVM is running with Unscaled Compressed Oops mode in which the Java heap is
#     placed in the first 4GB address space. The Java Heap base address is the
#     maximum limit for the native heap growth. Please use -XX:HeapBaseMinAddress
#     to set the Java Heap base and to place the Java Heap above 4GB virtual address.
# This output file may be truncated or incomplete.
#
#  Out of Memory Error (allocation.cpp:390), pid=12476, tid=0x0000000000003ac8
#
# JRE version: Java(TM) SE Runtime Environment (8.0_201-b09) (build 1.8.0_201-b09)
# Java VM: Java HotSpot(TM) 64-Bit Server VM (25.201-b09 mixed mode windows-amd64 compressed oops)
# Failed to write core dump. Minidumps are not enabled by default on client versions of Windows
#

---------------  T H R E A D  ---------------

Current thread (0x00000000150ab800):  JavaThread "C2 CompilerThread0" daemon [_thread_in_native, id=15048, stack(0x00000000169b0000,0x0000000016ab0000)]

Stack: [0x00000000169b0000,0x0000000016ab0000]
[error occurred during error reporting (printing stack bounds), id 0xc0000005]

Native frames: (J=compiled Java code, j=interpreted, Vv=VM code, C=native code)


Current CompileTask:
C2: 519130 9350   !   4       org.gradle.internal.service.DefaultServiceRegistry::doGet (102 bytes)


---------------  P R O C E S S  ---------------

Java Threads: ( => current thread )
  0x000000001c86e000 JavaThread "build operations Thread 4" [_thread_blocked, id=6944, stack(0x0000000025710000,0x0000000025810000)]
  0x000000001c86a000 JavaThread "build operations Thread 3" [_thread_blocked, id=7432, stack(0x0000000025610000,0x0000000025710000)]
  0x000000001c86b800 JavaThread "build operations Thread 2" [_thread_blocked, id=4936, stack(0x0000000025510000,0x0000000025610000)]
  0x000000001c862800 JavaThread "build operations" [_thread_blocked, id=15716, stack(0x0000000025410000,0x0000000025510000)]
  0x000000001c869800 JavaThread "Cache worker for Artifact transforms cache (C:\Users\Administrator\.gradle\caches\transforms-1)" [_thread_blocked, id=7292, stack(0x0000000025310000,0x0000000025410000)]
  0x000000001c868800 JavaThread "Cache worker for file hash cache (E:\program\react native\news\android\.gradle\4.4\fileHashes)" [_thread_blocked, id=6676, stack(0x0000000025210000,0x0000000025310000)]
  0x000000001c861000 JavaThread "Stdin handler" [_thread_blocked, id=15872, stack(0x0000000025110000,0x0000000025210000)]
  0x000000001c868000 JavaThread "Asynchronous log dispatcher for DefaultDaemonConnection: socket connection from /127.0.0.1:59667 to /127.0.0.1:60748" [_thread_blocked, id=4296, stack(0x0000000025010000,0x0000000025110000)]
  0x000000001c867000 JavaThread "Daemon worker Thread 3" [_thread_in_Java, id=7720, stack(0x0000000024f10000,0x0000000025010000)]
  0x000000001c865000 JavaThread "Cancel handler" [_thread_blocked, id=7956, stack(0x0000000024e10000,0x0000000024f10000)]
  0x000000001c866800 JavaThread "Handler for socket connection from /127.0.0.1:59667 to /127.0.0.1:60748" [_thread_in_native, id=16116, stack(0x0000000024d10000,0x0000000024e10000)]
  0x000000001c864000 JavaThread "Daemon Thread 3" [_thread_blocked, id=13508, stack(0x0000000024c10000,0x0000000024d10000)]
  0x0000000019f30800 JavaThread "Device List Monitor" [_thread_in_native, id=7564, stack(0x0000000023210000,0x0000000023310000)]
  0x0000000019f30000 JavaThread "Monitor" [_thread_in_native, id=7992, stack(0x0000000021dd0000,0x0000000021ed0000)]
  0x0000000019f2a000 JavaThread "Memory manager" [_thread_blocked, id=13928, stack(0x00000000202c0000,0x00000000203c0000)]
  0x00000000163cd800 JavaThread "File lock request listener" [_thread_in_native, id=6264, stack(0x0000000019830000,0x0000000019930000)]
  0x00000000163cf800 JavaThread "Cache worker for file hash cache (C:\Users\Administrator\.gradle\caches\4.4\fileHashes)" [_thread_blocked, id=12728, stack(0x0000000019730000,0x0000000019830000)]
  0x00000000164bb000 JavaThread "Daemon periodic checks" [_thread_blocked, id=12616, stack(0x0000000018c30000,0x0000000018d30000)]
  0x0000000017da6800 JavaThread "Incoming local TCP Connector on port 59667" [_thread_in_native, id=13564, stack(0x0000000018a80000,0x0000000018b80000)]
  0x0000000017f1a000 JavaThread "Daemon health stats" [_thread_blocked, id=13796, stack(0x0000000018980000,0x0000000018a80000)]
  0x000000001644e800 JavaThread "Service Thread" daemon [_thread_blocked, id=6920, stack(0x0000000016cb0000,0x0000000016db0000)]
  0x00000000163cc000 JavaThread "C1 CompilerThread2" daemon [_thread_blocked, id=14276, stack(0x0000000016bb0000,0x0000000016cb0000)]
  0x00000000163ba000 JavaThread "C2 CompilerThread1" daemon [_thread_in_native, id=13944, stack(0x0000000016ab0000,0x0000000016bb0000)]
=>0x00000000150ab800 JavaThread "C2 CompilerThread0" daemon [_thread_in_native, id=15048, stack(0x00000000169b0000,0x0000000016ab0000)]
  0x0000000015060000 JavaThread "Attach Listener" daemon [_thread_blocked, id=9448, stack(0x00000000168b0000,0x00000000169b0000)]
  0x000000001505f000 JavaThread "Signal Dispatcher" daemon [_thread_blocked, id=15284, stack(0x00000000167b0000,0x00000000168b0000)]
  0x000000000297c000 JavaThread "Finalizer" daemon [_thread_blocked, id=11244, stack(0x00000000162b0000,0x00000000163b0000)]
  0x0000000002973000 JavaThread "Reference Handler" daemon [_thread_blocked, id=7448, stack(0x00000000161b0000,0x00000000162b0000)]
  0x000000000277e800 JavaThread "main" [_thread_blocked, id=616, stack(0x0000000002780000,0x0000000002880000)]

Other Threads:
  0x0000000015018000 VMThread [stack: 0x00000000160b0000,0x00000000161b0000] [id=11544]
  0x0000000016464800 WatcherThread [stack: 0x0000000016db0000,0x0000000016eb0000] [id=16188]

VM state:not at safepoint (normal execution)

VM Mutex/Monitor currently owned by a thread: None

heap address: 0x00000000c0000000, size: 1024 MB, Compressed Oops mode: 32-bit
Narrow klass base: 0x0000000000000000, Narrow klass shift: 3
Compressed class space size: 1073741824 Address: 0x0000000100000000

Heap:
 PSYoungGen      total 196096K, used 138497K [0x00000000eab00000, 0x00000000f8e00000, 0x0000000100000000)
  eden space 174592K, 79% used [0x00000000eab00000,0x00000000f3240798,0x00000000f5580000)
  from space 21504K, 0% used [0x00000000f7000000,0x00000000f7000000,0x00000000f8500000)
  to   space 27136K, 0% used [0x00000000f5580000,0x00000000f5580000,0x00000000f7000000)
 ParOldGen       total 167424K, used 47405K [0x00000000c0000000, 0x00000000ca380000, 0x00000000eab00000)
  object space 167424K, 28% used [0x00000000c0000000,0x00000000c2e4b758,0x00000000ca380000)
 Metaspace       used 60014K, capacity 62572K, committed 62744K, reserved 1103872K
  class space    used 8081K, capacity 8680K, committed 8752K, reserved 1048576K

Card table byte_map: [0x0000000011d40000,0x0000000011f50000] byte_map_base: 0x0000000011740000

Marking Bits: (ParMarkBitMap*) 0x000000005cab4ce0
 Begin Bits: [0x00000000124b0000, 0x00000000134b0000)
 End Bits:   [0x00000000134b0000, 0x00000000144b0000)

Polling page: 0x0000000000850000

CodeCache: size=245760Kb used=26313Kb max_used=26313Kb free=219446Kb
 bounds [0x0000000002980000, 0x0000000004360000, 0x0000000011980000]
 total_blobs=8963 nmethods=8176 adapters=698
 compilation: enabled

Compilation events (10 events):
Event: 519.034 Thread 0x00000000163cc000 9508   !   3       sun.reflect.GeneratedMethodAccessor6::invoke (63 bytes)
Event: 519.034 Thread 0x00000000163cc000 nmethod 9508 0x0000000004350010 code [0x0000000004350200, 0x0000000004350918]
Event: 519.034 Thread 0x00000000163cc000 9509       3       com.android.build.gradle.internal.dependency.SourceSetManagerKt::getDependencyUrl (4 bytes)
Event: 519.034 Thread 0x00000000163cc000 nmethod 9509 0x0000000004350cd0 code [0x0000000004350e20, 0x0000000004350f50]
Event: 519.034 Thread 0x00000000163cc000 9510       3       com.android.build.gradle.internal.variant2.DeprecatedConfigurationAction::<init> (57 bytes)
Event: 519.034 Thread 0x00000000163cc000 nmethod 9510 0x0000000004350fd0 code [0x00000000043511a0, 0x0000000004351738]
Event: 519.034 Thread 0x00000000163cc000 9511       1       org.gradle.internal.Actions$NullAction::execute (1 bytes)
Event: 519.034 Thread 0x00000000163cc000 nmethod 9511 0x00000000043519d0 code [0x0000000004351b20, 0x0000000004351c30]
Event: 519.036 Thread 0x00000000163cc000 9512       3       org.gradle.internal.metaobject.BeanDynamicObject$MetaClassAdapter::getOpaqueProperty (4 bytes)
Event: 519.036 Thread 0x00000000163cc000 nmethod 9512 0x0000000004351c90 code [0x0000000004351e00, 0x0000000004351fb0]

GC Heap History (10 events):
Event: 5.242 GC heap before
{Heap before GC invocations=9 (full 2):
 PSYoungGen      total 138752K, used 10239K [0x00000000eab00000, 0x00000000f5580000, 0x0000000100000000)
  eden space 128512K, 0% used [0x00000000eab00000,0x00000000eab00000,0x00000000f2880000)
  from space 10240K, 99% used [0x00000000f2880000,0x00000000f327fda8,0x00000000f3280000)
  to   space 13312K, 0% used [0x00000000f4880000,0x00000000f4880000,0x00000000f5580000)
 ParOldGen       total 61952K, used 11746K [0x00000000c0000000, 0x00000000c3c80000, 0x00000000eab00000)
  object space 61952K, 18% used [0x00000000c0000000,0x00000000c0b78a40,0x00000000c3c80000)
 Metaspace       used 34692K, capacity 35346K, committed 35496K, reserved 1079296K
  class space    used 4866K, capacity 5104K, committed 5168K, reserved 1048576K
Event: 5.316 GC heap after
Heap after GC invocations=9 (full 2):
 PSYoungGen      total 138752K, used 0K [0x00000000eab00000, 0x00000000f5580000, 0x0000000100000000)
  eden space 128512K, 0% used [0x00000000eab00000,0x00000000eab00000,0x00000000f2880000)
  from space 10240K, 0% used [0x00000000f2880000,0x00000000f2880000,0x00000000f3280000)
  to   space 13312K, 0% used [0x00000000f4880000,0x00000000f4880000,0x00000000f5580000)
 ParOldGen       total 104448K, used 20296K [0x00000000c0000000, 0x00000000c6600000, 0x00000000eab00000)
  object space 104448K, 19% used [0x00000000c0000000,0x00000000c13d21b0,0x00000000c6600000)
 Metaspace       used 34692K, capacity 35346K, committed 35496K, reserved 1079296K
  class space    used 4866K, capacity 5104K, committed 5168K, reserved 1048576K
}
Event: 7.016 GC heap before
{Heap before GC invocations=10 (full 2):
 PSYoungGen      total 138752K, used 128512K [0x00000000eab00000, 0x00000000f5580000, 0x0000000100000000)
  eden space 128512K, 100% used [0x00000000eab00000,0x00000000f2880000,0x00000000f2880000)
  from space 10240K, 0% used [0x00000000f2880000,0x00000000f2880000,0x00000000f3280000)
  to   space 13312K, 0% used [0x00000000f4880000,0x00000000f4880000,0x00000000f5580000)
 ParOldGen       total 104448K, used 20296K [0x00000000c0000000, 0x00000000c6600000, 0x00000000eab00000)
  object space 104448K, 19% used [0x00000000c0000000,0x00000000c13d21b0,0x00000000c6600000)
 Metaspace       used 41800K, capacity 42772K, committed 43056K, reserved 1085440K
  class space    used 5850K, capacity 6175K, committed 6192K, reserved 1048576K
Event: 7.026 GC heap after
Heap after GC invocations=10 (full 2):
 PSYoungGen      total 159232K, used 13297K [0x00000000eab00000, 0x00000000f7280000, 0x0000000100000000)
  eden space 145920K, 0% used [0x00000000eab00000,0x00000000eab00000,0x00000000f3980000)
  from space 13312K, 99% used [0x00000000f4880000,0x00000000f557c4e8,0x00000000f5580000)
  to   space 15360K, 0% used [0x00000000f3980000,0x00000000f3980000,0x00000000f4880000)
 ParOldGen       total 104448K, used 21091K [0x00000000c0000000, 0x00000000c6600000, 0x00000000eab00000)
  object space 104448K, 20% used [0x00000000c0000000,0x00000000c1498d60,0x00000000c6600000)
 Metaspace       used 41800K, capacity 42772K, committed 43056K, reserved 1085440K
  class space    used 5850K, capacity 6175K, committed 6192K, reserved 1048576K
}
Event: 9.186 GC heap before
{Heap before GC invocations=11 (full 2):
 PSYoungGen      total 159232K, used 159217K [0x00000000eab00000, 0x00000000f7280000, 0x0000000100000000)
  eden space 145920K, 100% used [0x00000000eab00000,0x00000000f3980000,0x00000000f3980000)
  from space 13312K, 99% used [0x00000000f4880000,0x00000000f557c4e8,0x00000000f5580000)
  to   space 15360K, 0% used [0x00000000f3980000,0x00000000f3980000,0x00000000f4880000)
 ParOldGen       total 104448K, used 21091K [0x00000000c0000000, 0x00000000c6600000, 0x00000000eab00000)
  object space 104448K, 20% used [0x00000000c0000000,0x00000000c1498d60,0x00000000c6600000)
 Metaspace       used 52886K, capacity 54910K, committed 55088K, reserved 1095680K
  class space    used 7416K, capacity 7923K, committed 7984K, reserved 1048576K
Event: 9.232 GC heap after
Heap after GC invocations=11 (full 2):
 PSYoungGen      total 161280K, used 15345K [0x00000000eab00000, 0x00000000f8500000, 0x0000000100000000)
  eden space 145920K, 0% used [0x00000000eab00000,0x00000000eab00000,0x00000000f3980000)
  from space 15360K, 99% used [0x00000000f3980000,0x00000000f487c698,0x00000000f4880000)
  to   space 21504K, 0% used [0x00000000f7000000,0x00000000f7000000,0x00000000f8500000)
 ParOldGen       total 104448K, used 31814K [0x00000000c0000000, 0x00000000c6600000, 0x00000000eab00000)
  object space 104448K, 30% used [0x00000000c0000000,0x00000000c1f11820,0x00000000c6600000)
 Metaspace       used 52886K, capacity 54910K, committed 55088K, reserved 1095680K
  class space    used 7416K, capacity 7923K, committed 7984K, reserved 1048576K
}
Event: 14.584 GC heap before
{Heap before GC invocations=12 (full 2):
 PSYoungGen      total 161280K, used 157241K [0x00000000eab00000, 0x00000000f8500000, 0x0000000100000000)
  eden space 145920K, 97% used [0x00000000eab00000,0x00000000f3592108,0x00000000f3980000)
  from space 15360K, 99% used [0x00000000f3980000,0x00000000f487c698,0x00000000f4880000)
  to   space 21504K, 0% used [0x00000000f7000000,0x00000000f7000000,0x00000000f8500000)
 ParOldGen       total 104448K, used 31814K [0x00000000c0000000, 0x00000000c6600000, 0x00000000eab00000)
  object space 104448K, 30% used [0x00000000c0000000,0x00000000c1f11820,0x00000000c6600000)
 Metaspace       used 56865K, capacity 59056K, committed 59160K, reserved 1099776K
  class space    used 7875K, capacity 8416K, committed 8496K, reserved 1048576K
Event: 14.627 GC heap after
Heap after GC invocations=12 (full 2):
 PSYoungGen      total 196096K, used 21489K [0x00000000eab00000, 0x00000000f8e00000, 0x0000000100000000)
  eden space 174592K, 0% used [0x00000000eab00000,0x00000000eab00000,0x00000000f5580000)
  from space 21504K, 99% used [0x00000000f7000000,0x00000000f84fc6b8,0x00000000f8500000)
  to   space 27136K, 0% used [0x00000000f5580000,0x00000000f5580000,0x00000000f7000000)
 ParOldGen       total 104448K, used 38123K [0x00000000c0000000, 0x00000000c6600000, 0x00000000eab00000)
  object space 104448K, 36% used [0x00000000c0000000,0x00000000c253acf0,0x00000000c6600000)
 Metaspace       used 56865K, capacity 59056K, committed 59160K, reserved 1099776K
  class space    used 7875K, capacity 8416K, committed 8496K, reserved 1048576K
}
Event: 14.627 GC heap before
{Heap before GC invocations=13 (full 3):
 PSYoungGen      total 196096K, used 21489K [0x00000000eab00000, 0x00000000f8e00000, 0x0000000100000000)
  eden space 174592K, 0% used [0x00000000eab00000,0x00000000eab00000,0x00000000f5580000)
  from space 21504K, 99% used [0x00000000f7000000,0x00000000f84fc6b8,0x00000000f8500000)
  to   space 27136K, 0% used [0x00000000f5580000,0x00000000f5580000,0x00000000f7000000)
 ParOldGen       total 104448K, used 38123K [0x00000000c0000000, 0x00000000c6600000, 0x00000000eab00000)
  object space 104448K, 36% used [0x00000000c0000000,0x00000000c253acf0,0x00000000c6600000)
 Metaspace       used 56865K, capacity 59056K, committed 59160K, reserved 1099776K
  class space    used 7875K, capacity 8416K, committed 8496K, reserved 1048576K
Event: 14.897 GC heap after
Heap after GC invocations=13 (full 3):
 PSYoungGen      total 196096K, used 0K [0x00000000eab00000, 0x00000000f8e00000, 0x0000000100000000)
  eden space 174592K, 0% used [0x00000000eab00000,0x00000000eab00000,0x00000000f5580000)
  from space 21504K, 0% used [0x00000000f7000000,0x00000000f7000000,0x00000000f8500000)
  to   space 27136K, 0% used [0x00000000f5580000,0x00000000f5580000,0x00000000f7000000)
 ParOldGen       total 167424K, used 47405K [0x00000000c0000000, 0x00000000ca380000, 0x00000000eab00000)
  object space 167424K, 28% used [0x00000000c0000000,0x00000000c2e4b758,0x00000000ca380000)
 Metaspace       used 56865K, capacity 59056K, committed 59160K, reserved 1099776K
  class space    used 7875K, capacity 8416K, committed 8496K, reserved 1048576K
}

Deoptimization events (10 events):
Event: 110.752 Thread 0x0000000019f27000 Uncommon trap: reason=unstable_if action=reinterpret pc=0x0000000003eacffc method=com.google.common.collect.MapMakerInternalMap$Segment.getEntry(Ljava/lang/Object;I)Lcom/google/common/collect/MapMakerInternalMap$ReferenceEntry; @ 40
Event: 110.764 Thread 0x000000001c865000 Uncommon trap: reason=array_check action=maybe_recompile pc=0x00000000033a09d8 method=java.util.TimSort.binarySort([Ljava/lang/Object;IIILjava/util/Comparator;)V @ 183
Event: 110.845 Thread 0x0000000019f33800 Uncommon trap: reason=unstable_if action=reinterpret pc=0x0000000002d987b0 method=com.google.common.collect.MapMakerInternalMap$Segment.getEntry(Ljava/lang/Object;I)Lcom/google/common/collect/MapMakerInternalMap$ReferenceEntry; @ 40
Event: 111.026 Thread 0x000000001c865000 Uncommon trap: reason=array_check action=maybe_recompile pc=0x00000000033a084c method=java.util.TimSort.binarySort([Ljava/lang/Object;IIILjava/util/Comparator;)V @ 215
Event: 111.035 Thread 0x000000001c865000 Uncommon trap: reason=array_check action=maybe_recompile pc=0x00000000033a09d8 method=java.util.TimSort.binarySort([Ljava/lang/Object;IIILjava/util/Comparator;)V @ 183
Event: 111.248 Thread 0x0000000019f33800 Uncommon trap: reason=unstable_if action=reinterpret pc=0x0000000003eb623c method=java.util.concurrent.ConcurrentLinkedQueue.offer(Ljava/lang/Object;)Z @ 91
Event: 111.404 Thread 0x000000001c865000 Uncommon trap: reason=array_check action=maybe_recompile pc=0x00000000042092f4 method=java.util.TimSort.binarySort([Ljava/lang/Object;IIILjava/util/Comparator;)V @ 193
Event: 111.508 Thread 0x00000000163ce000 Uncommon trap: reason=bimorphic action=maybe_recompile pc=0x00000000041b1a18 method=com.google.common.cache.LocalCache$Segment.storeLoadedValue(Ljava/lang/Object;ILcom/google/common/cache/LocalCache$LoadingValueReference;Ljava/lang/Object;)Z @ 286
Event: 111.541 Thread 0x000000001c865000 Uncommon trap: reason=bimorphic action=maybe_recompile pc=0x00000000041b1a18 method=com.google.common.cache.LocalCache$Segment.storeLoadedValue(Ljava/lang/Object;ILcom/google/common/cache/LocalCache$LoadingValueReference;Ljava/lang/Object;)Z @ 286
Event: 111.674 Thread 0x000000001c865000 Uncommon trap: reason=array_check action=maybe_recompile pc=0x00000000042092f4 method=java.util.TimSort.binarySort([Ljava/lang/Object;IIILjava/util/Comparator;)V @ 193

Classes redefined (0 events):
No events

Internal exceptions (10 events):
Event: 518.929 Thread 0x000000001c867000 Exception <a 'sun/nio/fs/WindowsException'> (0x00000000f2bcd6d8) thrown at [C:\re\workspace\8-2-build-windows-amd64-cygwin\jdk8u201\12322\hotspot\src\share\vm\prims\jni.cpp, line 709]
Event: 518.929 Thread 0x000000001c867000 Exception <a 'sun/nio/fs/WindowsException'> (0x00000000f2bce808) thrown at [C:\re\workspace\8-2-build-windows-amd64-cygwin\jdk8u201\12322\hotspot\src\share\vm\prims\jni.cpp, line 709]
Event: 518.929 Thread 0x000000001c867000 Exception <a 'sun/nio/fs/WindowsException'> (0x00000000f2bd06c8) thrown at [C:\re\workspace\8-2-build-windows-amd64-cygwin\jdk8u201\12322\hotspot\src\share\vm\prims\jni.cpp, line 709]
Event: 518.929 Thread 0x000000001c867000 Exception <a 'sun/nio/fs/WindowsException'> (0x00000000f2bd17e0) thrown at [C:\re\workspace\8-2-build-windows-amd64-cygwin\jdk8u201\12322\hotspot\src\share\vm\prims\jni.cpp, line 709]
Event: 518.930 Thread 0x000000001c867000 Exception <a 'sun/nio/fs/WindowsException'> (0x00000000f2bd9680) thrown at [C:\re\workspace\8-2-build-windows-amd64-cygwin\jdk8u201\12322\hotspot\src\share\vm\prims\jni.cpp, line 709]
Event: 518.930 Thread 0x000000001c867000 Exception <a 'sun/nio/fs/WindowsException'> (0x00000000f2bda7b0) thrown at [C:\re\workspace\8-2-build-windows-amd64-cygwin\jdk8u201\12322\hotspot\src\share\vm\prims\jni.cpp, line 709]
Event: 518.930 Thread 0x000000001c867000 Exception <a 'sun/nio/fs/WindowsException'> (0x00000000f2bdc670) thrown at [C:\re\workspace\8-2-build-windows-amd64-cygwin\jdk8u201\12322\hotspot\src\share\vm\prims\jni.cpp, line 709]
Event: 518.930 Thread 0x000000001c867000 Exception <a 'sun/nio/fs/WindowsException'> (0x00000000f2bdd788) thrown at [C:\re\workspace\8-2-build-windows-amd64-cygwin\jdk8u201\12322\hotspot\src\share\vm\prims\jni.cpp, line 709]
Event: 518.944 Thread 0x000000001c867000 Exception <a 'sun/nio/fs/WindowsException'> (0x00000000f2cd9e58) thrown at [C:\re\workspace\8-2-build-windows-amd64-cygwin\jdk8u201\12322\hotspot\src\share\vm\prims\jni.cpp, line 709]
Event: 519.024 Thread 0x000000001c867000 Exception <a 'sun/nio/fs/WindowsException'> (0x00000000f3138530) thrown at [C:\re\workspace\8-2-build-windows-amd64-cygwin\jdk8u201\12322\hotspot\src\share\vm\prims\jni.cpp, line 709]

Events (10 events):
Event: 518.883 Executing VM operation: RevokeBias
Event: 518.883 Executing VM operation: RevokeBias done
Event: 518.883 Executing VM operation: RevokeBias
Event: 518.883 Executing VM operation: RevokeBias done
Event: 518.884 Executing VM operation: BulkRevokeBias
Event: 518.884 Executing VM operation: BulkRevokeBias done
Event: 518.895 Thread 0x00000000163cc000 flushing nmethod 0x0000000003577390
Event: 518.895 Thread 0x00000000163cc000 flushing nmethod 0x0000000003578fd0
Event: 518.899 Thread 0x00000000163cc000 flushing nmethod 0x0000000003d92090
Event: 518.900 Thread 0x00000000163cc000 flushing nmethod 0x0000000003eb57d0


Dynamic libraries:
0x00007ff6cd6d0000 - 0x00007ff6cd707000 	C:\Program Files\Java\jdk1.8.0_201\bin\java.exe
0x00007ff8ffcd0000 - 0x00007ff8ffeb1000 	C:\Windows\SYSTEM32\ntdll.dll
0x00007ff8fdb40000 - 0x00007ff8fdbf2000 	C:\Windows\System32\KERNEL32.DLL
0x00007ff8fc0a0000 - 0x00007ff8fc313000 	C:\Windows\System32\KERNELBASE.dll
0x00007ff8fe1a0000 - 0x00007ff8fe241000 	C:\Windows\System32\ADVAPI32.dll
0x00007ff8fe250000 - 0x00007ff8fe2ee000 	C:\Windows\System32\msvcrt.dll
0x00007ff8fdf70000 - 0x00007ff8fdfcb000 	C:\Windows\System32\sechost.dll
0x00007ff8fdc40000 - 0x00007ff8fdd64000 	C:\Windows\System32\RPCRT4.dll
0x00007ff8fdff0000 - 0x00007ff8fe180000 	C:\Windows\System32\USER32.dll
0x00007ff8fc420000 - 0x00007ff8fc440000 	C:\Windows\System32\win32u.dll
0x00007ff8fd5a0000 - 0x00007ff8fd5c8000 	C:\Windows\System32\GDI32.dll
0x00007ff8fcef0000 - 0x00007ff8fd082000 	C:\Windows\System32\gdi32full.dll
0x00007ff8fce50000 - 0x00007ff8fceef000 	C:\Windows\System32\msvcp_win.dll
0x00007ff8fc320000 - 0x00007ff8fc41a000 	C:\Windows\System32\ucrtbase.dll
0x00007ff8eb430000 - 0x00007ff8eb699000 	C:\Windows\WinSxS\amd64_microsoft.windows.common-controls_6595b64144ccf1df_6.0.17134.376_none_fb439a3730647da2\COMCTL32.dll
0x00007ff8fd650000 - 0x00007ff8fd973000 	C:\Windows\System32\combase.dll
0x00007ff8fd090000 - 0x00007ff8fd10a000 	C:\Windows\System32\bcryptPrimitives.dll
0x00007ff8fdc00000 - 0x00007ff8fdc2d000 	C:\Windows\System32\IMM32.DLL
0x000000005cb40000 - 0x000000005cc11000 	C:\Program Files\Java\jdk1.8.0_201\jre\bin\msvcr100.dll
0x000000005c290000 - 0x000000005cb34000 	C:\Program Files\Java\jdk1.8.0_201\jre\bin\server\jvm.dll
0x00007ff8fe180000 - 0x00007ff8fe188000 	C:\Windows\System32\PSAPI.DLL
0x00007ff8e7240000 - 0x00007ff8e7249000 	C:\Windows\SYSTEM32\WSOCK32.dll
0x00007ff8fe2f0000 - 0x00007ff8fe35c000 	C:\Windows\System32\WS2_32.dll
0x00007ff8fa270000 - 0x00007ff8fa293000 	C:\Windows\SYSTEM32\WINMM.dll
0x00007ff8ed550000 - 0x00007ff8ed55a000 	C:\Windows\SYSTEM32\VERSION.dll
0x00007ff8fa210000 - 0x00007ff8fa23a000 	C:\Windows\SYSTEM32\WINMMBASE.dll
0x00007ff8fd110000 - 0x00007ff8fd159000 	C:\Windows\System32\cfgmgr32.dll
0x00007ff8f8c90000 - 0x00007ff8f8c9f000 	C:\Program Files\Java\jdk1.8.0_201\jre\bin\verify.dll
0x00007ff8efc80000 - 0x00007ff8efca9000 	C:\Program Files\Java\jdk1.8.0_201\jre\bin\java.dll
0x00007ff8f12d0000 - 0x00007ff8f12e6000 	C:\Program Files\Java\jdk1.8.0_201\jre\bin\zip.dll
0x00007ff8fe860000 - 0x00007ff8ffc9f000 	C:\Windows\System32\SHELL32.dll
0x00007ff8fe7b0000 - 0x00007ff8fe859000 	C:\Windows\System32\shcore.dll
0x00007ff8fc440000 - 0x00007ff8fcb4d000 	C:\Windows\System32\windows.storage.dll
0x00007ff8fdf10000 - 0x00007ff8fdf61000 	C:\Windows\System32\shlwapi.dll
0x00007ff8fc010000 - 0x00007ff8fc021000 	C:\Windows\System32\kernel.appcore.dll
0x00007ff8fbff0000 - 0x00007ff8fc00f000 	C:\Windows\System32\profapi.dll
0x00007ff8fc030000 - 0x00007ff8fc07c000 	C:\Windows\System32\powrprof.dll
0x00007ff8fbfe0000 - 0x00007ff8fbfea000 	C:\Windows\System32\FLTLIB.DLL
0x00007ff8f10b0000 - 0x00007ff8f10ca000 	C:\Program Files\Java\jdk1.8.0_201\jre\bin\net.dll
0x00007ff8f0c70000 - 0x00007ff8f0e38000 	C:\Windows\SYSTEM32\urlmon.dll
0x00007ff8f0950000 - 0x00007ff8f0bf5000 	C:\Windows\SYSTEM32\iertutil.dll
0x00007ff8fba10000 - 0x00007ff8fba1b000 	C:\Windows\SYSTEM32\CRYPTBASE.DLL
0x00007ff8fb860000 - 0x00007ff8fb8c6000 	C:\Windows\system32\mswsock.dll
0x00007ff8f0ec0000 - 0x00007ff8f0ed1000 	C:\Program Files\Java\jdk1.8.0_201\jre\bin\nio.dll
0x00007ff8ef610000 - 0x00007ff8ef62e000 	C:\Users\Administrator\.gradle\native\25\windows-amd64\native-platform.dll
0x00007ff8ef8d0000 - 0x00007ff8ef8dd000 	C:\Program Files\Java\jdk1.8.0_201\jre\bin\management.dll
0x00007ff8fba20000 - 0x00007ff8fba37000 	C:\Windows\SYSTEM32\CRYPTSP.dll
0x00007ff8fb440000 - 0x00007ff8fb473000 	C:\Windows\system32\rsaenh.dll
0x00007ff8fbb40000 - 0x00007ff8fbb65000 	C:\Windows\SYSTEM32\bcrypt.dll
0x00007ff8fbee0000 - 0x00007ff8fbf08000 	C:\Windows\SYSTEM32\USERENV.dll
0x00007ff8fb5e0000 - 0x00007ff8fb618000 	C:\Windows\SYSTEM32\IPHLPAPI.DLL
0x00007ff8fdc30000 - 0x00007ff8fdc38000 	C:\Windows\System32\NSI.dll
0x00007ff8f62a0000 - 0x00007ff8f62b6000 	C:\Windows\SYSTEM32\dhcpcsvc6.DLL
0x00007ff8f6280000 - 0x00007ff8f629a000 	C:\Windows\SYSTEM32\dhcpcsvc.DLL
0x00007ff8fb620000 - 0x00007ff8fb6de000 	C:\Windows\SYSTEM32\DNSAPI.dll
0x00007ff8f4220000 - 0x00007ff8f422a000 	C:\Windows\System32\rasadhlp.dll
0x00007ff8f4350000 - 0x00007ff8f43c2000 	C:\Windows\System32\fwpuclnt.dll

VM Arguments:
jvm_args: -XX:+HeapDumpOnOutOfMemoryError -Xmx1024m -Dfile.encoding=GBK -Duser.country=CN -Duser.language=zh -Duser.variant 
java_command: org.gradle.launcher.daemon.bootstrap.GradleDaemon 4.4
java_class_path (initial): C:\Users\Administrator\.gradle\wrapper\dists\gradle-4.4-all\9br9xq1tocpiv8o6njlyu5op1\gradle-4.4\lib\gradle-launcher-4.4.jar
Launcher Type: SUN_STANDARD

Environment Variables:
JAVA_HOME=C:\Program Files\Java\jdk1.8.0_201
CLASSPATH=E:\program\react native\news\android\\gradle\wrapper\gradle-wrapper.jar
PATH=C:\Program Files (x86)\Common Files\Oracle\Java\javapath;C:\Windows\system32;C:\Windows;C:\Windows\System32\Wbem;C:\Windows\System32\WindowsPowerShell\v1.0\;C:\Windows\System32\OpenSSH\;D:\node.js\;C:\Users\Administrator\AppData\Local\Android\Sdk\platform-tools;C:\Program Files\Java\jdk1.8.0_201\bin;C:\Program Files\Java\jre1.8.0_201\bin;";C:\Program Files\Java\jdk1.8.0_201\bin;C:\Program Files\Java\jdk1.8.0_201\jre\bin;";C:\Program Files\Git\cmd;C:\Program Files (x86)\Yarn\bin\;C:\Users\Administrator\AppData\Local\Microsoft\WindowsApps;D:\Microsoft VS Code\bin;C:\Users\Administrator\AppData\Roaming\npm;C:\Users\Administrator\AppData\Local\Yarn\bin;C:\Users\Administrator\AppData\Local\GitHubDesktop\bin
USERNAME=Administrator
OS=Windows_NT
PROCESSOR_IDENTIFIER=Intel64 Family 6 Model 158 Stepping 11, GenuineIntel



---------------  S Y S T E M  ---------------

OS: Windows 10.0 , 64 bit Build 17134 (10.0.17134.1)

CPU:total 4 (initial active 4) (4 cores per cpu, 1 threads per core) family 6 model 158 stepping 11, cmov, cx8, fxsr, mmx, sse, sse2, sse3, ssse3, sse4.1, sse4.2, popcnt, avx, avx2, aes, clmul, erms, 3dnowpref, lzcnt, tsc, tscinvbit, bmi1, bmi2, adx

Memory: 4k page, physical 8246804k(812460k free), swap 14800912k(5388k free)

vm_info: Java HotSpot(TM) 64-Bit Server VM (25.201-b09) for windows-amd64 JRE (1.8.0_201-b09), built on Dec 15 2018 18:36:39 by "java_re" with MS VC++ 10.0 (VS2010)

time: Tue May 07 11:39:37 2019
timezone: 中国标准时间
elapsed time: 519 seconds (0d 0h 8m 39s)

