#
# There is insufficient memory for the Java Runtime Environment to continue.
# Native memory allocation (malloc) failed to allocate 32784 bytes for Chunk::new
# Possible reasons:
#   The system is out of physical RAM or swap space
#   The process is running with CompressedOops enabled, and the Java Heap may be blocking the growth of the native heap
# Possible solutions:
#   Reduce memory load on the system
#   Increase physical memory or swap space
#   Check if swap backing store is full
#   Decrease Java heap size (-Xmx/-Xms)
#   Decrease number of Java threads
#   Decrease Java thread stack sizes (-Xss)
#   Set larger code cache with -XX:ReservedCodeCacheSize=
#   JVM is running with Unscaled Compressed Oops mode in which the Java heap is
#     placed in the first 4GB address space. The Java Heap base address is the
#     maximum limit for the native heap growth. Please use -XX:HeapBaseMinAddress
#     to set the Java Heap base and to place the Java Heap above 4GB virtual address.
# This output file may be truncated or incomplete.
#
#  Out of Memory Error (allocation.cpp:390), pid=5748, tid=0x00000000000035e8
#
# JRE version: Java(TM) SE Runtime Environment (8.0_201-b09) (build 1.8.0_201-b09)
# Java VM: Java HotSpot(TM) 64-Bit Server VM (25.201-b09 mixed mode windows-amd64 compressed oops)
# Failed to write core dump. Minidumps are not enabled by default on client versions of Windows
#

---------------  T H R E A D  ---------------

Current thread (0x0000000015d7c000):  JavaThread "C2 CompilerThread0" daemon [_thread_in_native, id=13800, stack(0x0000000017670000,0x0000000017770000)]

Stack: [0x0000000017670000,0x0000000017770000]
[error occurred during error reporting (printing stack bounds), id 0xc0000005]

Native frames: (J=compiled Java code, j=interpreted, Vv=VM code, C=native code)


Current CompileTask:
C2:   6336 5884       4       java.net.URLClassLoader$1::run (5 bytes)


---------------  P R O C E S S  ---------------

Java Threads: ( => current thread )
  0x0000000017d76800 JavaThread "Cache worker for file content cache (E:\program\react native\news\android\.gradle\4.4\fileContent)" [_thread_blocked, id=13856, stack(0x0000000021a10000,0x0000000021b10000)]
  0x0000000017d76000 JavaThread "Memory manager" [_thread_blocked, id=11904, stack(0x0000000020a90000,0x0000000020b90000)]
  0x0000000018ae7800 JavaThread "build operations Thread 4" [_thread_blocked, id=14144, stack(0x0000000020990000,0x0000000020a90000)]
  0x0000000018ae3800 JavaThread "build operations Thread 3" [_thread_blocked, id=6500, stack(0x000000001f7e0000,0x000000001f8e0000)]
  0x0000000018ae6800 JavaThread "build operations Thread 2" [_thread_blocked, id=13008, stack(0x000000001f3f0000,0x000000001f4f0000)]
  0x0000000018ae5000 JavaThread "build operations" [_thread_blocked, id=13940, stack(0x000000001f2f0000,0x000000001f3f0000)]
  0x0000000018ae9000 JavaThread "Cache worker for Artifact transforms cache (C:\Users\Administrator\.gradle\caches\transforms-1)" [_thread_blocked, id=12452, stack(0x000000001d760000,0x000000001d860000)]
  0x0000000018ae3000 JavaThread "Cache worker for file hash cache (E:\program\react native\news\android\.gradle\4.4\fileHashes)" [_thread_blocked, id=14044, stack(0x000000001b4c0000,0x000000001b5c0000)]
  0x0000000018ae4800 JavaThread "File lock request listener" [_thread_in_native, id=7152, stack(0x000000001a3f0000,0x000000001a4f0000)]
  0x0000000018ae6000 JavaThread "Cache worker for file hash cache (C:\Users\Administrator\.gradle\caches\4.4\fileHashes)" [_thread_blocked, id=13944, stack(0x000000001a2f0000,0x000000001a3f0000)]
  0x0000000017cc0000 JavaThread "Stdin handler" [_thread_blocked, id=3664, stack(0x0000000019ff0000,0x000000001a0f0000)]
  0x0000000018f6b800 JavaThread "Asynchronous log dispatcher for DefaultDaemonConnection: socket connection from /127.0.0.1:54745 to /127.0.0.1:54746" [_thread_blocked, id=13936, stack(0x0000000019ef0000,0x0000000019ff0000)]
  0x0000000018f67000 JavaThread "Daemon worker" [_thread_in_Java, id=11972, stack(0x0000000019df0000,0x0000000019ef0000)]
  0x0000000018b02000 JavaThread "Cancel handler" [_thread_blocked, id=13988, stack(0x0000000019cf0000,0x0000000019df0000)]
  0x0000000017388000 JavaThread "Handler for socket connection from /127.0.0.1:54745 to /127.0.0.1:54746" [_thread_in_native, id=13240, stack(0x00000000199f0000,0x0000000019af0000)]
  0x0000000017387000 JavaThread "Daemon" [_thread_blocked, id=32, stack(0x00000000198f0000,0x00000000199f0000)]
  0x000000001737a800 JavaThread "Daemon periodic checks" [_thread_blocked, id=8536, stack(0x00000000197f0000,0x00000000198f0000)]
  0x0000000018acb000 JavaThread "Incoming local TCP Connector on port 54745" [_thread_in_native, id=4512, stack(0x0000000019640000,0x0000000019740000)]
  0x0000000018a8f800 JavaThread "Daemon health stats" [_thread_blocked, id=14164, stack(0x0000000019540000,0x0000000019640000)]
  0x00000000170f3000 JavaThread "Service Thread" daemon [_thread_blocked, id=3092, stack(0x0000000017970000,0x0000000017a70000)]
  0x000000001707e000 JavaThread "C1 CompilerThread2" daemon [_thread_in_vm, id=6904, stack(0x0000000017870000,0x0000000017970000)]
  0x000000001707a000 JavaThread "C2 CompilerThread1" daemon [_thread_in_native, id=12644, stack(0x0000000017770000,0x0000000017870000)]
=>0x0000000015d7c000 JavaThread "C2 CompilerThread0" daemon [_thread_in_native, id=13800, stack(0x0000000017670000,0x0000000017770000)]
  0x0000000015d2e800 JavaThread "Attach Listener" daemon [_thread_blocked, id=1672, stack(0x0000000017570000,0x0000000017670000)]
  0x0000000015d2d800 JavaThread "Signal Dispatcher" daemon [_thread_blocked, id=5248, stack(0x0000000017470000,0x0000000017570000)]
  0x000000000364b800 JavaThread "Finalizer" daemon [_thread_blocked, id=1344, stack(0x0000000016f70000,0x0000000017070000)]
  0x0000000003642000 JavaThread "Reference Handler" daemon [_thread_blocked, id=12872, stack(0x0000000016e70000,0x0000000016f70000)]
  0x000000000187e800 JavaThread "main" [_thread_blocked, id=8044, stack(0x0000000003050000,0x0000000003150000)]

Other Threads:
  0x0000000015ce7000 VMThread [stack: 0x0000000016d70000,0x0000000016e70000] [id=13348]
  0x000000001713e000 WatcherThread [stack: 0x0000000017a70000,0x0000000017b70000] [id=2396]

VM state:not at safepoint (normal execution)

VM Mutex/Monitor currently owned by a thread: None

heap address: 0x00000000c0000000, size: 1024 MB, Compressed Oops mode: 32-bit
Narrow klass base: 0x0000000000000000, Narrow klass shift: 3
Compressed class space size: 1073741824 Address: 0x0000000100000000

Heap:
 PSYoungGen      total 138752K, used 34547K [0x00000000eab00000, 0x00000000f6e80000, 0x0000000100000000)
  eden space 128512K, 18% used [0x00000000eab00000,0x00000000ec2c05d0,0x00000000f2880000)
  from space 10240K, 99% used [0x00000000f2880000,0x00000000f327c698,0x00000000f3280000)
  to   space 20480K, 0% used [0x00000000f5a80000,0x00000000f5a80000,0x00000000f6e80000)
 ParOldGen       total 101376K, used 34335K [0x00000000c0000000, 0x00000000c6300000, 0x00000000eab00000)
  object space 101376K, 33% used [0x00000000c0000000,0x00000000c2187d78,0x00000000c6300000)
 Metaspace       used 52985K, capacity 54954K, committed 55088K, reserved 1095680K
  class space    used 7441K, capacity 7957K, committed 7984K, reserved 1048576K

Card table byte_map: [0x0000000012a10000,0x0000000012c20000] byte_map_base: 0x0000000012410000

Marking Bits: (ParMarkBitMap*) 0x00000000734c4ce0
 Begin Bits: [0x0000000013180000, 0x0000000014180000)
 End Bits:   [0x0000000014180000, 0x0000000015180000)

Polling page: 0x0000000001300000

CodeCache: size=245760Kb used=18256Kb max_used=18256Kb free=227503Kb
 bounds [0x0000000003650000, 0x0000000004840000, 0x0000000012650000]
 total_blobs=6212 nmethods=5449 adapters=674
 compilation: enabled

Compilation events (10 events):
Event: 6.327 Thread 0x000000001707e000 5942       3       java.util.Collections$UnmodifiableCollection::isEmpty (10 bytes)
Event: 6.327 Thread 0x000000001707e000 nmethod 5942 0x0000000004830390 code [0x0000000004830500, 0x0000000004830728]
Event: 6.327 Thread 0x000000001707e000 5943       3       org.gradle.api.internal.DelegatingDomainObjectSet::size (10 bytes)
Event: 6.327 Thread 0x000000001707e000 nmethod 5943 0x00000000048307d0 code [0x0000000004830940, 0x0000000004830b68]
Event: 6.327 Thread 0x000000001707e000 5944       3       org.gradle.internal.component.model.DefaultVariantMetadata::<init> (20 bytes)
Event: 6.327 Thread 0x000000001707e000 nmethod 5944 0x0000000004830c10 code [0x0000000004830d60, 0x0000000004830f50]
Event: 6.327 Thread 0x000000001707e000 5947       3       org.gradle.api.internal.collections.FilteredCollection$FilteringIterator::hasNext (13 bytes)
Event: 6.327 Thread 0x000000001707e000 nmethod 5947 0x0000000004831010 code [0x0000000004831160, 0x0000000004831310]
Event: 6.333 Thread 0x000000001707e000 5948       1       org.gradle.internal.component.local.model.DefaultLocalComponentMetadata$DefaultLocalConfigurationMetadata::isCanBeConsumed (5 bytes)
Event: 6.333 Thread 0x000000001707e000 nmethod 5948 0x0000000004831390 code [0x00000000048314e0, 0x00000000048315f0]

GC Heap History (10 events):
Event: 2.651 GC heap before
{Heap before GC invocations=7 (full 1):
 PSYoungGen      total 70656K, used 65536K [0x00000000eab00000, 0x00000000f3f00000, 0x0000000100000000)
  eden space 65536K, 100% used [0x00000000eab00000,0x00000000eeb00000,0x00000000eeb00000)
  from space 5120K, 0% used [0x00000000eeb00000,0x00000000eeb00000,0x00000000ef000000)
  to   space 10240K, 0% used [0x00000000f3500000,0x00000000f3500000,0x00000000f3f00000)
 ParOldGen       total 60928K, used 8360K [0x00000000c0000000, 0x00000000c3b80000, 0x00000000eab00000)
  object space 60928K, 13% used [0x00000000c0000000,0x00000000c082a370,0x00000000c3b80000)
 Metaspace       used 26378K, capacity 26754K, committed 26928K, reserved 1073152K
  class space    used 3697K, capacity 3836K, committed 3888K, reserved 1048576K
Event: 2.660 GC heap after
Heap after GC invocations=7 (full 1):
 PSYoungGen      total 108032K, used 7453K [0x00000000eab00000, 0x00000000f3c80000, 0x0000000100000000)
  eden space 100352K, 0% used [0x00000000eab00000,0x00000000eab00000,0x00000000f0d00000)
  from space 7680K, 97% used [0x00000000f3500000,0x00000000f3c476b0,0x00000000f3c80000)
  to   space 10240K, 0% used [0x00000000f2880000,0x00000000f2880000,0x00000000f3280000)
 ParOldGen       total 60928K, used 8368K [0x00000000c0000000, 0x00000000c3b80000, 0x00000000eab00000)
  object space 60928K, 13% used [0x00000000c0000000,0x00000000c082c370,0x00000000c3b80000)
 Metaspace       used 26378K, capacity 26754K, committed 26928K, reserved 1073152K
  class space    used 3697K, capacity 3836K, committed 3888K, reserved 1048576K
}
Event: 3.646 GC heap before
{Heap before GC invocations=8 (full 1):
 PSYoungGen      total 108032K, used 103300K [0x00000000eab00000, 0x00000000f3c80000, 0x0000000100000000)
  eden space 100352K, 95% used [0x00000000eab00000,0x00000000f0899ba8,0x00000000f0d00000)
  from space 7680K, 97% used [0x00000000f3500000,0x00000000f3c476b0,0x00000000f3c80000)
  to   space 10240K, 0% used [0x00000000f2880000,0x00000000f2880000,0x00000000f3280000)
 ParOldGen       total 60928K, used 8368K [0x00000000c0000000, 0x00000000c3b80000, 0x00000000eab00000)
  object space 60928K, 13% used [0x00000000c0000000,0x00000000c082c370,0x00000000c3b80000)
 Metaspace       used 34667K, capacity 35314K, committed 35496K, reserved 1079296K
  class space    used 4863K, capacity 5072K, committed 5168K, reserved 1048576K
Event: 3.658 GC heap after
Heap after GC invocations=8 (full 1):
 PSYoungGen      total 138752K, used 10215K [0x00000000eab00000, 0x00000000f5880000, 0x0000000100000000)
  eden space 128512K, 0% used [0x00000000eab00000,0x00000000eab00000,0x00000000f2880000)
  from space 10240K, 99% used [0x00000000f2880000,0x00000000f3279d68,0x00000000f3280000)
  to   space 12800K, 0% used [0x00000000f4c00000,0x00000000f4c00000,0x00000000f5880000)
 ParOldGen       total 60928K, used 11615K [0x00000000c0000000, 0x00000000c3b80000, 0x00000000eab00000)
  object space 60928K, 19% used [0x00000000c0000000,0x00000000c0b57e70,0x00000000c3b80000)
 Metaspace       used 34667K, capacity 35314K, committed 35496K, reserved 1079296K
  class space    used 4863K, capacity 5072K, committed 5168K, reserved 1048576K
}
Event: 3.658 GC heap before
{Heap before GC invocations=9 (full 2):
 PSYoungGen      total 138752K, used 10215K [0x00000000eab00000, 0x00000000f5880000, 0x0000000100000000)
  eden space 128512K, 0% used [0x00000000eab00000,0x00000000eab00000,0x00000000f2880000)
  from space 10240K, 99% used [0x00000000f2880000,0x00000000f3279d68,0x00000000f3280000)
  to   space 12800K, 0% used [0x00000000f4c00000,0x00000000f4c00000,0x00000000f5880000)
 ParOldGen       total 60928K, used 11615K [0x00000000c0000000, 0x00000000c3b80000, 0x00000000eab00000)
  object space 60928K, 19% used [0x00000000c0000000,0x00000000c0b57e70,0x00000000c3b80000)
 Metaspace       used 34667K, capacity 35314K, committed 35496K, reserved 1079296K
  class space    used 4863K, capacity 5072K, committed 5168K, reserved 1048576K
Event: 3.707 GC heap after
Heap after GC invocations=9 (full 2):
 PSYoungGen      total 138752K, used 0K [0x00000000eab00000, 0x00000000f5880000, 0x0000000100000000)
  eden space 128512K, 0% used [0x00000000eab00000,0x00000000eab00000,0x00000000f2880000)
  from space 10240K, 0% used [0x00000000f2880000,0x00000000f2880000,0x00000000f3280000)
  to   space 12800K, 0% used [0x00000000f4c00000,0x00000000f4c00000,0x00000000f5880000)
 ParOldGen       total 101376K, used 20283K [0x00000000c0000000, 0x00000000c6300000, 0x00000000eab00000)
  object space 101376K, 20% used [0x00000000c0000000,0x00000000c13cec30,0x00000000c6300000)
 Metaspace       used 34667K, capacity 35314K, committed 35496K, reserved 1079296K
  class space    used 4863K, capacity 5072K, committed 5168K, reserved 1048576K
}
Event: 4.801 GC heap before
{Heap before GC invocations=10 (full 2):
 PSYoungGen      total 138752K, used 128512K [0x00000000eab00000, 0x00000000f5880000, 0x0000000100000000)
  eden space 128512K, 100% used [0x00000000eab00000,0x00000000f2880000,0x00000000f2880000)
  from space 10240K, 0% used [0x00000000f2880000,0x00000000f2880000,0x00000000f3280000)
  to   space 12800K, 0% used [0x00000000f4c00000,0x00000000f4c00000,0x00000000f5880000)
 ParOldGen       total 101376K, used 20283K [0x00000000c0000000, 0x00000000c6300000, 0x00000000eab00000)
  object space 101376K, 20% used [0x00000000c0000000,0x00000000c13cec30,0x00000000c6300000)
 Metaspace       used 41741K, capacity 42672K, committed 42800K, reserved 1085440K
  class space    used 5843K, capacity 6143K, committed 6192K, reserved 1048576K
Event: 4.812 GC heap after
Heap after GC invocations=10 (full 2):
 PSYoungGen      total 141312K, used 12779K [0x00000000eab00000, 0x00000000f5880000, 0x0000000100000000)
  eden space 128512K, 0% used [0x00000000eab00000,0x00000000eab00000,0x00000000f2880000)
  from space 12800K, 99% used [0x00000000f4c00000,0x00000000f587ac68,0x00000000f5880000)
  to   space 10240K, 0% used [0x00000000f2880000,0x00000000f2880000,0x00000000f3280000)
 ParOldGen       total 101376K, used 21488K [0x00000000c0000000, 0x00000000c6300000, 0x00000000eab00000)
  object space 101376K, 21% used [0x00000000c0000000,0x00000000c14fc3f8,0x00000000c6300000)
 Metaspace       used 41741K, capacity 42672K, committed 42800K, reserved 1085440K
  class space    used 5843K, capacity 6143K, committed 6192K, reserved 1048576K
}
Event: 6.054 GC heap before
{Heap before GC invocations=11 (full 2):
 PSYoungGen      total 141312K, used 141291K [0x00000000eab00000, 0x00000000f5880000, 0x0000000100000000)
  eden space 128512K, 100% used [0x00000000eab00000,0x00000000f2880000,0x00000000f2880000)
  from space 12800K, 99% used [0x00000000f4c00000,0x00000000f587ac68,0x00000000f5880000)
  to   space 10240K, 0% used [0x00000000f2880000,0x00000000f2880000,0x00000000f3280000)
 ParOldGen       total 101376K, used 21488K [0x00000000c0000000, 0x00000000c6300000, 0x00000000eab00000)
  object space 101376K, 21% used [0x00000000c0000000,0x00000000c14fc3f8,0x00000000c6300000)
 Metaspace       used 52183K, capacity 54072K, committed 54192K, reserved 1095680K
  class space    used 7332K, capacity 7832K, committed 7856K, reserved 1048576K
Event: 6.073 GC heap after
Heap after GC invocations=11 (full 2):
 PSYoungGen      total 138752K, used 10225K [0x00000000eab00000, 0x00000000f6e80000, 0x0000000100000000)
  eden space 128512K, 0% used [0x00000000eab00000,0x00000000eab00000,0x00000000f2880000)
  from space 10240K, 99% used [0x00000000f2880000,0x00000000f327c698,0x00000000f3280000)
  to   space 20480K, 0% used [0x00000000f5a80000,0x00000000f5a80000,0x00000000f6e80000)
 ParOldGen       total 101376K, used 34335K [0x00000000c0000000, 0x00000000c6300000, 0x00000000eab00000)
  object space 101376K, 33% used [0x00000000c0000000,0x00000000c2187d78,0x00000000c6300000)
 Metaspace       used 52183K, capacity 54072K, committed 54192K, reserved 1095680K
  class space    used 7332K, capacity 7832K, committed 7856K, reserved 1048576K
}

Deoptimization events (10 events):
Event: 6.319 Thread 0x0000000018f67000 Uncommon trap: reason=class_check action=maybe_recompile pc=0x00000000037b8c58 method=com.google.common.collect.AbstractMapBasedMultimap.put(Ljava/lang/Object;Ljava/lang/Object;)Z @ 10
Event: 6.321 Thread 0x0000000018f67000 Uncommon trap: reason=class_check action=maybe_recompile pc=0x00000000037b8c58 method=com.google.common.collect.AbstractMapBasedMultimap.put(Ljava/lang/Object;Ljava/lang/Object;)Z @ 10
Event: 6.321 Thread 0x0000000018f67000 Uncommon trap: reason=class_check action=maybe_recompile pc=0x00000000037b8c58 method=com.google.common.collect.AbstractMapBasedMultimap.put(Ljava/lang/Object;Ljava/lang/Object;)Z @ 10
Event: 6.321 Thread 0x0000000018f67000 Uncommon trap: reason=class_check action=maybe_recompile pc=0x00000000037b8c58 method=com.google.common.collect.AbstractMapBasedMultimap.put(Ljava/lang/Object;Ljava/lang/Object;)Z @ 10
Event: 6.333 Thread 0x0000000018f67000 Uncommon trap: reason=predicate action=maybe_recompile pc=0x000000000475b4a0 method=java.util.LinkedList.remove(Ljava/lang/Object;)Z @ 48
Event: 6.334 Thread 0x0000000018f67000 Uncommon trap: reason=class_check action=maybe_recompile pc=0x00000000042200b8 method=com.google.common.collect.AbstractMapBasedMultimap$WrappedCollection.refreshIfEmpty()V @ 59
Event: 6.334 Thread 0x0000000018f67000 Uncommon trap: reason=class_check action=maybe_recompile pc=0x0000000004811474 method=com.google.common.collect.AbstractMapBasedMultimap$WrappedCollection.refreshIfEmpty()V @ 59
Event: 6.334 Thread 0x0000000018f67000 Uncommon trap: reason=class_check action=maybe_recompile pc=0x00000000042200b8 method=com.google.common.collect.AbstractMapBasedMultimap$WrappedCollection.refreshIfEmpty()V @ 59
Event: 6.334 Thread 0x0000000018f67000 Uncommon trap: reason=class_check action=maybe_recompile pc=0x0000000004811474 method=com.google.common.collect.AbstractMapBasedMultimap$WrappedCollection.refreshIfEmpty()V @ 59
Event: 6.334 Thread 0x0000000018f67000 Uncommon trap: reason=class_check action=maybe_recompile pc=0x00000000042200b8 method=com.google.common.collect.AbstractMapBasedMultimap$WrappedCollection.refreshIfEmpty()V @ 59

Classes redefined (0 events):
No events

Internal exceptions (10 events):
Event: 6.174 Thread 0x0000000018f67000 Exception <a 'java/lang/ClassNotFoundException': org/gradle/api/internal/artifacts/dependencies/AbstractModuleDependencyCustomizer> (0x00000000eb4d9ad8) thrown at [C:\re\workspace\8-2-build-windows-amd64-cygwin\jdk8u201\12322\hotspot\src\share\vm\classfil
Event: 6.175 Thread 0x0000000018f67000 Exception <a 'java/lang/ClassNotFoundException': org/gradle/api/internal/artifacts/dependencies/AbstractExternalModuleDependencyCustomizer> (0x00000000eb54bf30) thrown at [C:\re\workspace\8-2-build-windows-amd64-cygwin\jdk8u201\12322\hotspot\src\share\vm\
Event: 6.175 Thread 0x0000000018f67000 Exception <a 'java/lang/ClassNotFoundException': org/gradle/api/internal/artifacts/dependencies/DefaultExternalModuleDependencyCustomizer> (0x00000000eb5b3db0) thrown at [C:\re\workspace\8-2-build-windows-amd64-cygwin\jdk8u201\12322\hotspot\src\share\vm\c
Event: 6.176 Thread 0x0000000018f67000 Exception <a 'java/lang/ClassNotFoundException': org/gradle/api/internal/artifacts/dependencies/DefaultExternalModuleDependency_DecoratedCustomizer> (0x00000000eb61fb28) thrown at [C:\re\workspace\8-2-build-windows-amd64-cygwin\jdk8u201\12322\hotspot\src\
Event: 6.285 Thread 0x0000000018f67000 Exception <a 'java/lang/ClassNotFoundException': org/gradle/platform/base/BinaryContainer_ImplBeanInfo> (0x00000000ebdb0818) thrown at [C:\re\workspace\8-2-build-windows-amd64-cygwin\jdk8u201\12322\hotspot\src\share\vm\classfile\systemDictionary.cpp, line
Event: 6.286 Thread 0x0000000018f67000 Exception <a 'java/lang/ClassNotFoundException': org/gradle/model/internal/core/NodeBackedModelMapBeanInfo> (0x00000000ebdc49b8) thrown at [C:\re\workspace\8-2-build-windows-amd64-cygwin\jdk8u201\12322\hotspot\src\share\vm\classfile\systemDictionary.cpp, 
Event: 6.286 Thread 0x0000000018f67000 Exception <a 'java/lang/ClassNotFoundException': org/gradle/model/internal/core/ModelMapGroovyViewBeanInfo> (0x00000000ebdd8b08) thrown at [C:\re\workspace\8-2-build-windows-amd64-cygwin\jdk8u201\12322\hotspot\src\share\vm\classfile\systemDictionary.cpp, 
Event: 6.286 Thread 0x0000000018f67000 Exception <a 'java/lang/ClassNotFoundException': org/gradle/model/internal/core/ModelMapGroovyViewCustomizer> (0x00000000ebded920) thrown at [C:\re\workspace\8-2-build-windows-amd64-cygwin\jdk8u201\12322\hotspot\src\share\vm\classfile\systemDictionary.cpp
Event: 6.287 Thread 0x0000000018f67000 Exception <a 'java/lang/ClassNotFoundException': org/gradle/model/internal/core/NodeBackedModelMapCustomizer> (0x00000000ebe15c10) thrown at [C:\re\workspace\8-2-build-windows-amd64-cygwin\jdk8u201\12322\hotspot\src\share\vm\classfile\systemDictionary.cpp
Event: 6.289 Thread 0x0000000018f67000 Exception <a 'java/lang/ClassNotFoundException': org/gradle/platform/base/BinaryContainer_ImplCustomizer> (0x00000000ebe785c0) thrown at [C:\re\workspace\8-2-build-windows-amd64-cygwin\jdk8u201\12322\hotspot\src\share\vm\classfile\systemDictionary.cpp, li

Events (10 events):
Event: 6.334 Thread 0x0000000018f67000 DEOPT PACKING pc=0x00000000042200b8 sp=0x0000000019eec230
Event: 6.334 Thread 0x0000000018f67000 DEOPT UNPACKING pc=0x000000000369583b sp=0x0000000019eec1c0 mode 2
Event: 6.334 loading class org/gradle/api/internal/artifacts/ivyservice/resolveengine/artifact/FileDependencyArtifactSet
Event: 6.334 loading class org/gradle/api/internal/artifacts/ivyservice/resolveengine/artifact/FileDependencyArtifactSet done
Event: 6.334 Thread 0x0000000018f67000 DEOPT PACKING pc=0x00000000037b6186 sp=0x0000000019eea390
Event: 6.334 Thread 0x0000000018f67000 DEOPT UNPACKING pc=0x0000000003697890 sp=0x0000000019eea058 mode 0
Event: 6.334 loading class org/gradle/api/internal/artifacts/ivyservice/resolveengine/artifact/DefaultArtifactSet$MultipleVariantAttributeSet
Event: 6.334 loading class org/gradle/api/internal/artifacts/ivyservice/resolveengine/artifact/DefaultArtifactSet$MultipleVariantAttributeSet done
Event: 6.335 loading class org/gradle/api/internal/artifacts/ivyservice/resolveengine/artifact/LocalFileDependencyBackedArtifactSet
Event: 6.335 loading class org/gradle/api/internal/artifacts/ivyservice/resolveengine/artifact/LocalFileDependencyBackedArtifactSet done


Dynamic libraries:
0x00007ff62cc60000 - 0x00007ff62cc97000 	C:\Program Files\Java\jdk1.8.0_201\bin\java.exe
0x00007ff9d20a0000 - 0x00007ff9d2281000 	C:\Windows\SYSTEM32\ntdll.dll
0x00007ff9d1850000 - 0x00007ff9d1902000 	C:\Windows\System32\KERNEL32.DLL
0x00007ff9ce570000 - 0x00007ff9ce7e3000 	C:\Windows\System32\KERNELBASE.dll
0x00007ff9d11e0000 - 0x00007ff9d1281000 	C:\Windows\System32\ADVAPI32.dll
0x00007ff9d1540000 - 0x00007ff9d15de000 	C:\Windows\System32\msvcrt.dll
0x00007ff9d1780000 - 0x00007ff9d17db000 	C:\Windows\System32\sechost.dll
0x00007ff9d1a60000 - 0x00007ff9d1b84000 	C:\Windows\System32\RPCRT4.dll
0x00007ff9cfc10000 - 0x00007ff9cfda0000 	C:\Windows\System32\USER32.dll
0x00007ff9cf210000 - 0x00007ff9cf230000 	C:\Windows\System32\win32u.dll
0x00007ff9cf5f0000 - 0x00007ff9cf618000 	C:\Windows\System32\GDI32.dll
0x00007ff9cf330000 - 0x00007ff9cf4c2000 	C:\Windows\System32\gdi32full.dll
0x00007ff9ce7f0000 - 0x00007ff9ce88f000 	C:\Windows\System32\msvcp_win.dll
0x00007ff9cf230000 - 0x00007ff9cf32a000 	C:\Windows\System32\ucrtbase.dll
0x00007ff9bd5e0000 - 0x00007ff9bd849000 	C:\Windows\WinSxS\amd64_microsoft.windows.common-controls_6595b64144ccf1df_6.0.17134.376_none_fb439a3730647da2\COMCTL32.dll
0x00007ff9d1b90000 - 0x00007ff9d1eb3000 	C:\Windows\System32\combase.dll
0x00007ff9cf190000 - 0x00007ff9cf20a000 	C:\Windows\System32\bcryptPrimitives.dll
0x00007ff9cf540000 - 0x00007ff9cf56d000 	C:\Windows\System32\IMM32.DLL
0x0000000073550000 - 0x0000000073621000 	C:\Program Files\Java\jdk1.8.0_201\jre\bin\msvcr100.dll
0x0000000072ca0000 - 0x0000000073544000 	C:\Program Files\Java\jdk1.8.0_201\jre\bin\server\jvm.dll
0x00007ff9cf530000 - 0x00007ff9cf538000 	C:\Windows\System32\PSAPI.DLL
0x00007ff9c2a80000 - 0x00007ff9c2a8a000 	C:\Windows\SYSTEM32\VERSION.dll
0x00007ff9bba30000 - 0x00007ff9bba39000 	C:\Windows\SYSTEM32\WSOCK32.dll
0x00007ff9cc640000 - 0x00007ff9cc663000 	C:\Windows\SYSTEM32\WINMM.dll
0x00007ff9d17e0000 - 0x00007ff9d184c000 	C:\Windows\System32\WS2_32.dll
0x00007ff9cc5e0000 - 0x00007ff9cc60a000 	C:\Windows\SYSTEM32\winmmbase.dll
0x00007ff9ce520000 - 0x00007ff9ce569000 	C:\Windows\System32\cfgmgr32.dll
0x00007ff9cb540000 - 0x00007ff9cb54f000 	C:\Program Files\Java\jdk1.8.0_201\jre\bin\verify.dll
0x00007ff9ca1c0000 - 0x00007ff9ca1e9000 	C:\Program Files\Java\jdk1.8.0_201\jre\bin\java.dll
0x00007ff9c3d40000 - 0x00007ff9c3d56000 	C:\Program Files\Java\jdk1.8.0_201\jre\bin\zip.dll
0x00007ff9cfda0000 - 0x00007ff9d11df000 	C:\Windows\System32\SHELL32.dll
0x00007ff9d13f0000 - 0x00007ff9d1499000 	C:\Windows\System32\shcore.dll
0x00007ff9cea80000 - 0x00007ff9cf18d000 	C:\Windows\System32\windows.storage.dll
0x00007ff9d1a00000 - 0x00007ff9d1a51000 	C:\Windows\System32\shlwapi.dll
0x00007ff9ce450000 - 0x00007ff9ce461000 	C:\Windows\System32\kernel.appcore.dll
0x00007ff9ce410000 - 0x00007ff9ce42f000 	C:\Windows\System32\profapi.dll
0x00007ff9ce3c0000 - 0x00007ff9ce40c000 	C:\Windows\System32\powrprof.dll
0x00007ff9ce3b0000 - 0x00007ff9ce3ba000 	C:\Windows\System32\FLTLIB.DLL
0x00007ff9c3b70000 - 0x00007ff9c3b8a000 	C:\Program Files\Java\jdk1.8.0_201\jre\bin\net.dll
0x00007ff9c3890000 - 0x00007ff9c3a58000 	C:\Windows\SYSTEM32\urlmon.dll
0x00007ff9c35b0000 - 0x00007ff9c3855000 	C:\Windows\SYSTEM32\iertutil.dll
0x00007ff9cdda0000 - 0x00007ff9cddab000 	C:\Windows\SYSTEM32\CRYPTBASE.DLL
0x00007ff9cdbd0000 - 0x00007ff9cdc36000 	C:\Windows\system32\mswsock.dll
0x00007ff9c1bd0000 - 0x00007ff9c1be1000 	C:\Program Files\Java\jdk1.8.0_201\jre\bin\nio.dll
0x00007ff9c1170000 - 0x00007ff9c118e000 	C:\Users\Administrator\.gradle\native\25\windows-amd64\native-platform.dll
0x00007ff9c3ed0000 - 0x00007ff9c3edd000 	C:\Program Files\Java\jdk1.8.0_201\jre\bin\management.dll
0x00007ff9cdd80000 - 0x00007ff9cdd97000 	C:\Windows\SYSTEM32\CRYPTSP.dll
0x00007ff9cd7b0000 - 0x00007ff9cd7e3000 	C:\Windows\system32\rsaenh.dll
0x00007ff9cdf10000 - 0x00007ff9cdf35000 	C:\Windows\SYSTEM32\bcrypt.dll
0x00007ff9ce2b0000 - 0x00007ff9ce2d8000 	C:\Windows\SYSTEM32\USERENV.dll
0x00007ff9cd950000 - 0x00007ff9cd988000 	C:\Windows\SYSTEM32\IPHLPAPI.DLL
0x00007ff9cf630000 - 0x00007ff9cf638000 	C:\Windows\System32\NSI.dll
0x00007ff9c8580000 - 0x00007ff9c8596000 	C:\Windows\SYSTEM32\dhcpcsvc6.DLL
0x00007ff9c8560000 - 0x00007ff9c857a000 	C:\Windows\SYSTEM32\dhcpcsvc.DLL

VM Arguments:
jvm_args: -XX:+HeapDumpOnOutOfMemoryError -Xmx1024m -Dfile.encoding=GBK -Duser.country=CN -Duser.language=zh -Duser.variant 
java_command: org.gradle.launcher.daemon.bootstrap.GradleDaemon 4.4
java_class_path (initial): C:\Users\Administrator\.gradle\wrapper\dists\gradle-4.4-all\9br9xq1tocpiv8o6njlyu5op1\gradle-4.4\lib\gradle-launcher-4.4.jar
Launcher Type: SUN_STANDARD

Environment Variables:
JAVA_HOME=C:\Program Files\Java\jdk1.8.0_201
CLASSPATH=E:\program\react native\news\android\\gradle\wrapper\gradle-wrapper.jar
PATH=C:\Program Files (x86)\Common Files\Oracle\Java\javapath;C:\Windows\system32;C:\Windows;C:\Windows\System32\Wbem;C:\Windows\System32\WindowsPowerShell\v1.0\;C:\Windows\System32\OpenSSH\;D:\node.js\;C:\Users\Administrator\AppData\Local\Android\Sdk\platform-tools;C:\Program Files\Java\jdk1.8.0_201\bin;C:\Program Files\Java\jre1.8.0_201\bin;";C:\Program Files\Java\jdk1.8.0_201\bin;C:\Program Files\Java\jdk1.8.0_201\jre\bin;";C:\Program Files\Git\cmd;C:\Program Files (x86)\Yarn\bin\;C:\Users\Administrator\AppData\Local\Microsoft\WindowsApps;D:\Microsoft VS Code\bin;C:\Users\Administrator\AppData\Roaming\npm;C:\Users\Administrator\AppData\Local\Yarn\bin;C:\Users\Administrator\AppData\Local\GitHubDesktop\bin
USERNAME=Administrator
OS=Windows_NT
PROCESSOR_IDENTIFIER=Intel64 Family 6 Model 158 Stepping 11, GenuineIntel



---------------  S Y S T E M  ---------------

OS: Windows 10.0 , 64 bit Build 17134 (10.0.17134.1)

CPU:total 4 (initial active 4) (4 cores per cpu, 1 threads per core) family 6 model 158 stepping 11, cmov, cx8, fxsr, mmx, sse, sse2, sse3, ssse3, sse4.1, sse4.2, popcnt, avx, avx2, aes, clmul, erms, 3dnowpref, lzcnt, tsc, tscinvbit, bmi1, bmi2, adx

Memory: 4k page, physical 8246804k(649656k free), swap 14800912k(3316k free)

vm_info: Java HotSpot(TM) 64-Bit Server VM (25.201-b09) for windows-amd64 JRE (1.8.0_201-b09), built on Dec 15 2018 18:36:39 by "java_re" with MS VC++ 10.0 (VS2010)

time: Mon Jun 17 17:48:43 2019
timezone: 中国标准时间
elapsed time: 6 seconds (0d 0h 0m 6s)

